================================================================================
Tariff Information Extractor v3
Modular Country-Specific Parser System
================================================================================

Parsers available:
  - USA Parser (country-by-country processing)
  - Malaysia Parser (case number + product description)
  - EU Parser (8-digit HS codes + exact company names)
  - Default Parser (for other countries)
================================================================================
✓ Database initialized: tariff_data.db

================================================================================
Found 24 PDF files
================================================================================

[1/24]

================================================================================
Processing: AUSTRALIA_Zinc_Coated_Antidumping_ADN_2023_035.pdf
================================================================================
  Issuing country: Australia
  Using Default Parser
  Extracting tariff information...
    ✓ Parsed 19 items successfully
  ✓ Successfully processed: 19 tariff items

[2/24]

================================================================================
Processing: EU_GO_Antidumping_AD608_R728.pdf
================================================================================
  Issuing country: European Union
  Using EU Parser
  Extracting tariff information...
    ✓ Parsed 24 items successfully
  ✓ Successfully processed: 24 tariff items

[3/24]

================================================================================
Processing: MALAYSIA_CR_Antidumping_PUA197_VIETNAM.pdf
================================================================================
  Issuing country: Malaysia
  Using Malaysia Parser
  Extracting tariff information...
    ✓ Parsed 28 items successfully
  ✓ Successfully processed: 28 tariff items

[4/24]

================================================================================
Processing: MALAYSIA_Coated_Antidumping.pdf
================================================================================
  Issuing country: Malaysia
  Using Malaysia Parser
  Extracting tariff information...
    Page 1: No text found, trying OCR...
    Page 1: OCR extracted 284 chars
    Page 2: No text found, trying OCR...
    Page 2: OCR extracted 1290 chars
    Page 3: No text found, trying OCR...
    Page 3: OCR extracted 1321 chars
    Page 4: No text found, trying OCR...
    Page 4: OCR extracted 792 chars
    Page 5: No text found, trying OCR...
    Page 5: OCR extracted 601 chars
    Page 6: No text found, trying OCR...
    Page 6: OCR extracted 236 chars
    Page 7: No text found, trying OCR...
    Page 7: OCR extracted 1247 chars
    Page 8: No text found, trying OCR...
    Page 8: OCR extracted 1260 chars
    Page 9: No text found, trying OCR...
    Page 9: OCR extracted 812 chars
    Page 10: No text found, trying OCR...
    Page 10: OCR extracted 614 chars
    Page 11: No text found, trying OCR...
    Page 11: OCR extracted 253 chars
    ✓ Parsed 30 items successfully
  ✓ Successfully processed: 30 tariff items

[5/24]

================================================================================
Processing: MALAYSIA_STS_CR_P.U._(A)_23_THAILAND_2018.pdf
================================================================================
  Issuing country: Malaysia
  Using Malaysia Parser
  Extracting tariff information...
    ✓ Parsed 91 items successfully
  ✗ Error inserting document: attempt to write a readonly database
  ✗ Failed to insert document record

[6/24]

================================================================================
Processing: MALAYSIA_STS_CR_P.U._(A)_33_THAILAND_2021_EXTENSION.pdf
================================================================================
  Issuing country: Malaysia
  Using Malaysia Parser
  Extracting tariff information...
    ✓ Parsed 0 items successfully
  ⚠ No tariff items found

[7/24]

================================================================================
Processing: MALAYSIA_STS_CR_PUA225_2023.pdf
================================================================================
  Issuing country: Malaysia
  Using Malaysia Parser
  Extracting tariff information...
    ✓ Parsed 63 items successfully
  ✗ Error inserting document: attempt to write a readonly database
  ✗ Failed to insert document record

[8/24]

================================================================================
Processing: PAKISTAN_CR_Antidumping_A.D.C_No._60.pdf
================================================================================
  Issuing country: Pakistan
  Using Default Parser
  Extracting tariff information...
    ✓ Parsed 64 items successfully
  ✗ Error inserting document: attempt to write a readonly database
  ✗ Failed to insert document record

[9/24]

================================================================================
Processing: USA_CR_Antidumping_A-580-881.pdf
================================================================================
  Issuing country: United States
  Using USA Parser (country-by-country processing)
  Extracting tariff information...
  Found countries: Republic of Korea, Brazil
  Found 2 countries: Republic of Korea, Brazil
  Processing Republic of Korea...
  ⚠ JSON decode error: Expecting value: line 379 column 5 (char 15895)
    ✓ Recovered 1 items from partial JSON
    ✓ Extracted 1 items for Republic of Korea
  Processing Brazil...
    ✓ Parsed 4 items successfully
    ✓ Extracted 4 items for Brazil
  ✗ Error inserting document: attempt to write a readonly database
  ✗ Failed to insert document record

[10/24]

================================================================================
Processing: USA_CR_Antidumping_A-580-881_2016.pdf
================================================================================
  Issuing country: United States
  Using USA Parser (country-by-country processing)
  Extracting tariff information...
  Found countries: France, Republic of Korea, Germany, Brazil
  Found 4 countries: France, Republic of Korea, Germany, Brazil
  Processing France...
  ⚠ JSON decode error: Expecting ',' delimiter: line 303 column 5 (char 12918)
    ✓ Recovered 1 items from partial JSON
    ✓ Extracted 1 items for France
  Processing Republic of Korea...
  ⚠ JSON decode error: Expecting ',' delimiter: line 233 column 5 (char 9863)
    ✓ Recovered 1 items from partial JSON
    ✓ Extracted 1 items for Republic of Korea
  Processing Germany...
    ✓ Parsed 43 items successfully
    ✓ Extracted 43 items for Germany
  Processing Brazil...
  ⚠ JSON decode error: Expecting ',' delimiter: line 138 column 5 (char 6798)
    ✓ Recovered 1 items from partial JSON
    ✓ Extracted 1 items for Brazil
  ✗ Error inserting document: attempt to write a readonly database
  ✗ Failed to insert document record

[11/24]

================================================================================
Processing: USA_CR_Countervailing_C-580-882.pdf
================================================================================
  Issuing country: United States
  Using USA Parser (country-by-country processing)
  Extracting tariff information...
  Found countries: Republic of Korea, Brazil
  Found 2 countries: Republic of Korea, Brazil
  Processing Republic of Korea...
    ✓ Parsed 60 items successfully
    ✓ Extracted 60 items for Republic of Korea
  Processing Brazil...
  ⚠ JSON decode error: Expecting ',' delimiter: line 153 column 5 (char 7968)
    ✓ Recovered 1 items from partial JSON
    ✓ Extracted 1 items for Brazil
  ✗ Error inserting document: attempt to write a readonly database
  ✗ Failed to insert document record

[12/24]

================================================================================
Processing: USA_CR_Countervailing_C-580-882_2016.pdf
================================================================================
  Issuing country: United States
  Using USA Parser (country-by-country processing)
  Extracting tariff information...
  Found countries: Republic of Korea, Brazil, India, Russia, Russian Federation
  Found 5 countries: Republic of Korea, Brazil, India, Russia, Russian Federation
  Processing Republic of Korea...
  ⚠ JSON decode error: Expecting value: line 141 column 5 (char 7015)
    ✓ Recovered 1 items from partial JSON
    ✓ Extracted 1 items for Republic of Korea
  Processing Brazil...
  ⚠ JSON decode error: Expecting ',' delimiter: line 233 column 5 (char 11818)
    ✓ Recovered 1 items from partial JSON
    ✓ Extracted 1 items for Brazil
  Processing India...
  ⚠ JSON decode error: Expecting ',' delimiter: line 633 column 5 (char 32337)
    ✓ Recovered 1 items from partial JSON
    ✓ Extracted 1 items for India
  Processing Russia...
    ✓ Parsed 43 items successfully
    ✓ Extracted 43 items for Russia
  Processing Russian Federation...
    ✓ Parsed 43 items successfully
    ✓ Extracted 43 items for Russian Federation
  ✗ Error inserting document: attempt to write a readonly database
  ✗ Failed to insert document record

[13/24]

================================================================================
Processing: USA_Coated_Antidumping_A-580-878.pdf
================================================================================
  Issuing country: United States
  Using USA Parser (country-by-country processing)
  Extracting tariff information...
  Found countries: France, Republic of Korea, India
  Found 3 countries: France, Republic of Korea, India
  Processing France...
  ⚠ JSON decode error: Expecting ',' delimiter: line 93 column 5 (char 4662)
    ✓ Recovered 1 items from partial JSON
    ✓ Extracted 1 items for France
  Processing Republic of Korea...
  ⚠ JSON decode error: Expecting ',' delimiter: line 168 column 5 (char 7355)
    ✓ Recovered 1 items from partial JSON
    ✓ Extracted 1 items for Republic of Korea
  Processing India...
  ⚠ JSON decode error: Expecting ',' delimiter: line 153 column 5 (char 7558)
    ✓ Recovered 1 items from partial JSON
    ✓ Extracted 1 items for India
  ✗ Error inserting document: attempt to write a readonly database
  ✗ Failed to insert document record

[14/24]

================================================================================
Processing: USA_Coated_Countervailing_C-580-879.pdf
================================================================================
  Issuing country: United States
  Using USA Parser (country-by-country processing)
  Extracting tariff information...
  Found countries: Republic of Korea, India, People's Republic of China
  Found 3 countries: Republic of Korea, India, People's Republic of China
  Processing Republic of Korea...
  ⚠ JSON decode error: Expecting ',' delimiter: line 213 column 5 (char 9690)
    ✓ Recovered 1 items from partial JSON
    ✓ Extracted 1 items for Republic of Korea
  Processing India...
  ⚠ JSON decode error: Expecting ',' delimiter: line 78 column 5 (char 3423)
    ✓ Recovered 1 items from partial JSON
    ✓ Extracted 1 items for India
  Processing People's Republic of China...
  ⚠ JSON decode error: Expecting ',' delimiter: line 138 column 5 (char 6408)
    ✓ Recovered 1 items from partial JSON
    ✓ Extracted 1 items for People's Republic of China
  ✗ Error inserting document: attempt to write a readonly database
  ✗ Failed to insert document record

[15/24]

================================================================================
Processing: USA_HR_Antidumping_A-580-883.pdf
================================================================================
  Issuing country: United States
  Using USA Parser (country-by-country processing)
  Extracting tariff information...
  Found countries: Republic of Korea
  Found 1 countries: Republic of Korea
  Processing Republic of Korea...
  ⚠ JSON decode error: Expecting ',' delimiter: line 153 column 5 (char 6513)
    ✓ Recovered 1 items from partial JSON
    ✓ Extracted 1 items for Republic of Korea
  ✗ Error inserting document: attempt to write a readonly database
  ✗ Failed to insert document record

[16/24]

================================================================================
Processing: USA_HR_Antidumping_A-580-883_2016.pdf
================================================================================
  Issuing country: United States
  Using USA Parser (country-by-country processing)
  Extracting tariff information...
  Found countries: Republic of Korea, Japan, Brazil
  Found 3 countries: Republic of Korea, Japan, Brazil
  Processing Republic of Korea...
  ⚠ JSON decode error: Expecting ',' delimiter: line 1488 column 5 (char 79512)
    ✓ Recovered 1 items from partial JSON
    ✓ Extracted 1 items for Republic of Korea
  Processing Japan...
  ⚠ JSON decode error: Expecting ',' delimiter: line 769 column 5 (char 40808)
    ✓ Recovered 1 items from partial JSON
    ✓ Extracted 1 items for Japan
  Processing Brazil...
  ⚠ JSON decode error: Expecting value: line 141 column 5 (char 7267)
    ✓ Recovered 1 items from partial JSON
    ✓ Extracted 1 items for Brazil
  ✗ Error inserting document: attempt to write a readonly database
  ✗ Failed to insert document record

[17/24]

================================================================================
Processing: USA_HR_Countervailing_C-580-884.pdf
================================================================================
  Issuing country: United States
  Using USA Parser (country-by-country processing)
  Extracting tariff information...
  Found countries: Republic of Korea, Brazil
  Found 2 countries: Republic of Korea, Brazil
  Processing Republic of Korea...
  ⚠ JSON decode error: Expecting ',' delimiter: line 153 column 5 (char 6358)
    ✓ Recovered 1 items from partial JSON
    ✓ Extracted 1 items for Republic of Korea
  Processing Brazil...
  ⚠ JSON decode error: Expecting ',' delimiter: line 363 column 5 (char 17058)
    ✓ Recovered 1 items from partial JSON
    ✓ Extracted 1 items for Brazil
  ✗ Error inserting document: attempt to write a readonly database
  ✗ Failed to insert document record

[18/24]

================================================================================
Processing: USA_HR_Countervailing_C-580-884_2016.pdf
================================================================================
  Issuing country: United States
  Using USA Parser (country-by-country processing)
  Extracting tariff information...
  Found countries: France, Republic of Korea, Brazil, India, Turkey
  Found 5 countries: France, Republic of Korea, Brazil, India, Turkey
  Processing France...
  ⚠ JSON decode error: Expecting ',' delimiter: line 363 column 5 (char 16266)
    ✓ Recovered 1 items from partial JSON
    ✓ Extracted 1 items for France
  Processing Republic of Korea...
  ⚠ JSON decode error: Expecting ',' delimiter: line 183 column 5 (char 7886)
    ✓ Recovered 1 items from partial JSON
    ✓ Extracted 1 items for Republic of Korea
  Processing Brazil...
  ⚠ JSON decode error: Expecting value: line 187 column 5 (char 8191)
    ✓ Recovered 1 items from partial JSON
    ✓ Extracted 1 items for Brazil
  Processing India...
  ⚠ JSON decode error: Expecting ',' delimiter: line 140 column 5 (char 7169)
    ✓ Recovered 1 items from partial JSON
    ✓ Extracted 1 items for India
  Processing Turkey...
  ⚠ JSON decode error: Expecting value: line 141 column 5 (char 7459)
    ✓ Recovered 1 items from partial JSON
    ✓ Extracted 1 items for Turkey
  ✗ Error inserting document: attempt to write a readonly database
  ✗ Failed to insert document record

[19/24]

================================================================================
Processing: USA_NO_Antidumping_A-580-872_2014.pdf
================================================================================
  Issuing country: United States
  Using USA Parser (country-by-country processing)
  Extracting tariff information...
  Found countries: Republic of Korea, India, Germany
  Found 3 countries: Republic of Korea, India, Germany
  Processing Republic of Korea...
    ✓ Parsed 18 items successfully
    ✓ Extracted 18 items for Republic of Korea
  Processing India...
    ✓ Parsed 27 items successfully
    ✓ Extracted 27 items for India
  Processing Germany...
    ✓ Parsed 18 items successfully
    ✓ Extracted 18 items for Germany
  ✗ Error inserting document: attempt to write a readonly database
  ✗ Failed to insert document record

[20/24]

================================================================================
Processing: USA_NO_Antidumping_A-580-872_연장_2022.pdf
================================================================================
  Issuing country: United States
  Using USA Parser (country-by-country processing)
  Extracting tariff information...
  Found countries: Republic of Korea, India
  Found 2 countries: Republic of Korea, India
  Processing Republic of Korea...
    ✓ Parsed 6 items successfully
    ✓ Extracted 6 items for Republic of Korea
  Processing India...
    ✓ Parsed 6 items successfully
    ✓ Extracted 6 items for India
  ✗ Error inserting document: attempt to write a readonly database
  ✗ Failed to insert document record

[21/24]

================================================================================
Processing: USA_Plate_Antidumping_A-580-887_F_2022.pdf
================================================================================
  Issuing country: United States
  Using USA Parser (country-by-country processing)
  Extracting tariff information...
  Found countries: Republic of Korea, People's Republic of China
  Found 2 countries: Republic of Korea, People's Republic of China
  Processing Republic of Korea...
    ✓ Parsed 55 items successfully
    ✓ Extracted 55 items for Republic of Korea
  Processing People's Republic of China...
    ✓ Parsed 1 items successfully
    ✓ Extracted 1 items for People's Republic of China
  ✗ Error inserting document: attempt to write a readonly database
  ✗ Failed to insert document record

[22/24]

================================================================================
Processing: USA_Plate_Antidumping_A-580-887_Pre_2023.pdf
================================================================================
  Issuing country: United States
  Using USA Parser (country-by-country processing)
  Extracting tariff information...
  Found countries: Republic of Korea
  Found 1 countries: Republic of Korea
  Processing Republic of Korea...
  ⚠ JSON decode error: Expecting ',' delimiter: line 378 column 5 (char 19318)
    ✓ Recovered 1 items from partial JSON
    ✓ Extracted 1 items for Republic of Korea
  ✗ Error inserting document: attempt to write a readonly database
  ✗ Failed to insert document record

[23/24]

================================================================================
Processing: USA_Plate_Countervailing_C-580-888_F_2022.pdf
================================================================================
  Issuing country: United States
  Using USA Parser (country-by-country processing)
  Extracting tariff information...
  Found countries: Republic of Korea
  Found 1 countries: Republic of Korea
  Processing Republic of Korea...
    ✓ Parsed 20 items successfully
    ✓ Extracted 20 items for Republic of Korea
  ✗ Error inserting document: attempt to write a readonly database
  ✗ Failed to insert document record

[24/24]

================================================================================
Processing: USA_Plate_Countervailing_C-580-888_Pre_2023.pdf
================================================================================
  Issuing country: United States
  Using USA Parser (country-by-country processing)
  Extracting tariff information...
  Found countries: Republic of Korea
  Found 1 countries: Republic of Korea
  Processing Republic of Korea...
  ⚠ JSON decode error: Expecting ',' delimiter: line 198 column 5 (char 8975)
    ✓ Recovered 1 items from partial JSON
    ✓ Extracted 1 items for Republic of Korea
  ✗ Error inserting document: attempt to write a readonly database
  ✗ Failed to insert document record

================================================================================
Processing Complete
================================================================================
Successfully processed: 4/24 files

Failed files:
  - MALAYSIA_STS_CR_P.U._(A)_23_THAILAND_2018.pdf
  - MALAYSIA_STS_CR_P.U._(A)_33_THAILAND_2021_EXTENSION.pdf
  - MALAYSIA_STS_CR_PUA225_2023.pdf
  - PAKISTAN_CR_Antidumping_A.D.C_No._60.pdf
  - USA_CR_Antidumping_A-580-881.pdf
  - USA_CR_Antidumping_A-580-881_2016.pdf
  - USA_CR_Countervailing_C-580-882.pdf
  - USA_CR_Countervailing_C-580-882_2016.pdf
  - USA_Coated_Antidumping_A-580-878.pdf
  - USA_Coated_Countervailing_C-580-879.pdf
  - USA_HR_Antidumping_A-580-883.pdf
  - USA_HR_Antidumping_A-580-883_2016.pdf
  - USA_HR_Countervailing_C-580-884.pdf
  - USA_HR_Countervailing_C-580-884_2016.pdf
  - USA_NO_Antidumping_A-580-872_2014.pdf
  - USA_NO_Antidumping_A-580-872_연장_2022.pdf
  - USA_Plate_Antidumping_A-580-887_F_2022.pdf
  - USA_Plate_Antidumping_A-580-887_Pre_2023.pdf
  - USA_Plate_Countervailing_C-580-888_F_2022.pdf
  - USA_Plate_Countervailing_C-580-888_Pre_2023.pdf

================================================================================
Database Statistics
================================================================================
Total documents: 13
Total tariff items: 412

By issuing country:
  United States: 7 documents
  Malaysia: 4 documents
  Australia: 1 documents
  European Union: 1 documents

Database: tariff_data.db
================================================================================
